<?xml version="1.0" encoding="UTF-8"?><testrun name="MyLibraryTest" project="unit-testing-example-4" tests="2" started="2" failures="1" errors="0" ignored="0">
  <testsuite name="com.app.java.MyLibraryTest" time="0.0">
    <testcase name="testBookList" classname="com.app.java.MyLibraryTest" time="0.0"/>
    <testcase name="testAddBook" classname="com.app.java.MyLibraryTest" time="0.0">
      <failure>java.lang.AssertionError: array lengths differed, expected.length=5 actual.length=4&#13;
	at org.junit.Assert.fail(Assert.java:88)&#13;
	at org.junit.internal.ComparisonCriteria.assertArraysAreSameLength(ComparisonCriteria.java:71)&#13;
	at org.junit.internal.ComparisonCriteria.arrayEquals(ComparisonCriteria.java:32)&#13;
	at org.junit.Assert.internalArrayEquals(Assert.java:473)&#13;
	at org.junit.Assert.assertArrayEquals(Assert.java:265)&#13;
	at org.junit.Assert.assertArrayEquals(Assert.java:280)&#13;
	at com.app.java.MyLibraryTest.testAddBook(MyLibraryTest.java:38)&#13;
	at sun.reflect.NativeMethodAccessorImpl.invoke0(Native Method)&#13;
	at sun.reflect.NativeMethodAccessorImpl.invoke(NativeMethodAccessorImpl.java:57)&#13;
	at sun.reflect.DelegatingMethodAccessorImpl.invoke(DelegatingMethodAccessorImpl.java:43)&#13;
	at java.lang.reflect.Method.invoke(Method.java:606)&#13;
	at junit.framework.TestCase.runTest(TestCase.java:176)&#13;
	at junit.framework.TestCase.runBare(TestCase.java:141)&#13;
	at junit.framework.TestResult$1.protect(TestResult.java:122)&#13;
	at junit.framework.TestResult.runProtected(TestResult.java:142)&#13;
	at junit.framework.TestResult.run(TestResult.java:125)&#13;
	at junit.framework.TestCase.run(TestCase.java:129)&#13;
	at junit.framework.TestSuite.runTest(TestSuite.java:255)&#13;
	at junit.framework.TestSuite.run(TestSuite.java:250)&#13;
	at org.junit.internal.runners.JUnit38ClassRunner.run(JUnit38ClassRunner.java:84)&#13;
	at org.eclipse.jdt.internal.junit4.runner.JUnit4TestReference.run(JUnit4TestReference.java:50)&#13;
	at org.eclipse.jdt.internal.junit.runner.TestExecution.run(TestExecution.java:38)&#13;
	at org.eclipse.jdt.internal.junit.runner.RemoteTestRunner.runTests(RemoteTestRunner.java:467)&#13;
	at org.eclipse.jdt.internal.junit.runner.RemoteTestRunner.runTests(RemoteTestRunner.java:683)&#13;
	at org.eclipse.jdt.internal.junit.runner.RemoteTestRunner.run(RemoteTestRunner.java:390)&#13;
	at org.eclipse.jdt.internal.junit.runner.RemoteTestRunner.main(RemoteTestRunner.java:197)&#13;
&#13;
</failure>
    </testcase>
  </testsuite>
</testrun>
